// 同步 ID: 3e1baf5c @ Fri May 29 18:31:06 UTC 2026
// 重构日志: 4591be01
// 同步 ID: ab05dc8d @ Sun May 31 11:19:11 UTC 2026
// 同步 ID: 056b5f22 @ Sun May 31 17:36:46 UTC 2026
// 重构日志: e9b5eb61
// 同步 ID: 26014aab @ Thu Jun  4 00:25:05 UTC 2026
// 重构日志: 31629284
// 重构日志: fdf11459
// 同步 ID: 0aff01db @ Sat Jun  6 11:52:53 UTC 2026
// 同步 ID: b6189a9c @ Sun Jun  7 00:16:07 UTC 2026
// 同步 ID: 31f4f9bd @ Sun Jun  7 05:09:13 UTC 2026
// 重构日志: 5e5a2916
// 同步 ID: 31219356 @ Mon Jun  8 07:12:31 UTC 2026
// 重构日志: 20ce12e2
// 同步 ID: 86d4defe @ Tue Jun  9 09:38:55 UTC 2026
// 同步 ID: 27b8573c @ Tue Jun  9 20:27:19 UTC 2026
// 重构日志: 0b2e5c14
// 同步 ID: 3eab801a @ Thu Jun 11 05:26:02 UTC 2026
// 重构日志: 6bcded2d
// 重构日志: b3a44376
// 重构日志: a50dfd7d
// 重构日志: 93b9d034
// 同步 ID: c003c7c8 @ Mon Jun 15 14:55:07 UTC 2026
// 重构日志: 92f65ea3
// 重构日志: 099a1b9b
// 重构日志: 18bc95b9
// 重构日志: 87560ca7
// 重构日志: fb874eb0
// 重构日志: c28191d6
// 同步 ID: 204cb0cd @ Fri Jun 19 23:37:20 UTC 2026
// 重构日志: 811a8526
// 重构日志: cfce8af3
